┌───────────────────────────────────────────────────────────────────────────────────────────────────────────────────────
│ [info] 16:36:16 527ms
│ Aplicação iniciada
└───────────────────────────────────────────────────────────────────────────────────────────────────────────────────────
┌───────────────────────────────────────────────────────────────────────────────────────────────────────────────────────
│ [info] 16:36:16 527ms
│ Aplicação iniciada
└───────────────────────────────────────────────────────────────────────────────────────────────────────────────────────
┌───────────────────────────────────────────────────────────────────────────────────────────────────────────────────────
│ [info] 16:36:16 527ms
│ Usuário fez login: joao@email.com
└───────────────────────────────────────────────────────────────────────────────────────────────────────────────────────
┌───────────────────────────────────────────────────────────────────────────────────────────────────────────────────────
│ [info] 16:36:16 527ms
│ Aplicação iniciada
└───────────────────────────────────────────────────────────────────────────────────────────────────────────────────────
┌───────────────────────────────────────────────────────────────────────────────────────────────────────────────────────
│ [info] 16:36:16 527ms
│ Usuário fez login: joao@email.com
└───────────────────────────────────────────────────────────────────────────────────────────────────────────────────────
┌───────────────────────────────────────────────────────────────────────────────────────────────────────────────────────
│ [debug] 16:36:16 528ms
│ Processando requisição de pagamento
└───────────────────────────────────────────────────────────────────────────────────────────────────────────────────────
┌───────────────────────────────────────────────────────────────────────────────────────────────────────────────────────
│ [info] 16:36:16 527ms
│ Aplicação iniciada
└───────────────────────────────────────────────────────────────────────────────────────────────────────────────────────
┌───────────────────────────────────────────────────────────────────────────────────────────────────────────────────────
│ [info] 16:36:16 527ms
│ Usuário fez login: joao@email.com
└───────────────────────────────────────────────────────────────────────────────────────────────────────────────────────
┌───────────────────────────────────────────────────────────────────────────────────────────────────────────────────────
│ [debug] 16:36:16 528ms
│ Processando requisição de pagamento
└───────────────────────────────────────────────────────────────────────────────────────────────────────────────────────
┌───────────────────────────────────────────────────────────────────────────────────────────────────────────────────────
│ [info] 16:36:16 528ms
│ Pagamento processado com sucesso: R$ 150,00
└───────────────────────────────────────────────────────────────────────────────────────────────────────────────────────
┌───────────────────────────────────────────────────────────────────────────────────────────────────────────────────────
│ [info] 16:36:16 527ms
│ Aplicação iniciada
└───────────────────────────────────────────────────────────────────────────────────────────────────────────────────────
┌───────────────────────────────────────────────────────────────────────────────────────────────────────────────────────
│ [info] 16:36:16 527ms
│ Usuário fez login: joao@email.com
└───────────────────────────────────────────────────────────────────────────────────────────────────────────────────────
┌───────────────────────────────────────────────────────────────────────────────────────────────────────────────────────
│ [debug] 16:36:16 528ms
│ Processando requisição de pagamento
└───────────────────────────────────────────────────────────────────────────────────────────────────────────────────────
┌───────────────────────────────────────────────────────────────────────────────────────────────────────────────────────
│ [info] 16:36:16 528ms
│ Pagamento processado com sucesso: R$ 150,00
└───────────────────────────────────────────────────────────────────────────────────────────────────────────────────────
┌───────────────────────────────────────────────────────────────────────────────────────────────────────────────────────
│ [warning] 16:36:16 528ms
│ Tentativa de conexão falhou, tentando novamente...
└───────────────────────────────────────────────────────────────────────────────────────────────────────────────────────
┌───────────────────────────────────────────────────────────────────────────────────────────────────────────────────────
│ [info] 16:36:16 527ms
│ Aplicação iniciada
└───────────────────────────────────────────────────────────────────────────────────────────────────────────────────────
┌───────────────────────────────────────────────────────────────────────────────────────────────────────────────────────
│ [info] 16:36:16 527ms
│ Usuário fez login: joao@email.com
└───────────────────────────────────────────────────────────────────────────────────────────────────────────────────────
┌───────────────────────────────────────────────────────────────────────────────────────────────────────────────────────
│ [debug] 16:36:16 528ms
│ Processando requisição de pagamento
└───────────────────────────────────────────────────────────────────────────────────────────────────────────────────────
┌───────────────────────────────────────────────────────────────────────────────────────────────────────────────────────
│ [info] 16:36:16 528ms
│ Pagamento processado com sucesso: R$ 150,00
└───────────────────────────────────────────────────────────────────────────────────────────────────────────────────────
┌───────────────────────────────────────────────────────────────────────────────────────────────────────────────────────
│ [warning] 16:36:16 528ms
│ Tentativa de conexão falhou, tentando novamente...
└───────────────────────────────────────────────────────────────────────────────────────────────────────────────────────
┌───────────────────────────────────────────────────────────────────────────────────────────────────────────────────────
│ [error] 16:36:16 529ms
│ Erro na validação do cartão
└───────────────────────────────────────────────────────────────────────────────────────────────────────────────────────
┌───────────────────────────────────────────────────────────────────────────────────────────────────────────────────────
│ [info] 16:36:16 527ms
│ Aplicação iniciada
└───────────────────────────────────────────────────────────────────────────────────────────────────────────────────────
┌───────────────────────────────────────────────────────────────────────────────────────────────────────────────────────
│ [info] 16:36:16 527ms
│ Usuário fez login: joao@email.com
└───────────────────────────────────────────────────────────────────────────────────────────────────────────────────────
┌───────────────────────────────────────────────────────────────────────────────────────────────────────────────────────
│ [debug] 16:36:16 528ms
│ Processando requisição de pagamento
└───────────────────────────────────────────────────────────────────────────────────────────────────────────────────────
┌───────────────────────────────────────────────────────────────────────────────────────────────────────────────────────
│ [info] 16:36:16 528ms
│ Pagamento processado com sucesso: R$ 150,00
└───────────────────────────────────────────────────────────────────────────────────────────────────────────────────────
┌───────────────────────────────────────────────────────────────────────────────────────────────────────────────────────
│ [warning] 16:36:16 528ms
│ Tentativa de conexão falhou, tentando novamente...
└───────────────────────────────────────────────────────────────────────────────────────────────────────────────────────
┌───────────────────────────────────────────────────────────────────────────────────────────────────────────────────────
│ [error] 16:36:16 529ms
│ Erro na validação do cartão
└───────────────────────────────────────────────────────────────────────────────────────────────────────────────────────
┌───────────────────────────────────────────────────────────────────────────────────────────────────────────────────────
│ [info] 16:36:16 529ms
│ Usuário cancelou a operação
└───────────────────────────────────────────────────────────────────────────────────────────────────────────────────────
┌───────────────────────────────────────────────────────────────────────────────────────────────────────────────────────
│ [info] 16:36:16 527ms
│ Aplicação iniciada
└───────────────────────────────────────────────────────────────────────────────────────────────────────────────────────
┌───────────────────────────────────────────────────────────────────────────────────────────────────────────────────────
│ [info] 16:36:16 527ms
│ Usuário fez login: joao@email.com
└───────────────────────────────────────────────────────────────────────────────────────────────────────────────────────
┌───────────────────────────────────────────────────────────────────────────────────────────────────────────────────────
│ [debug] 16:36:16 528ms
│ Processando requisição de pagamento
└───────────────────────────────────────────────────────────────────────────────────────────────────────────────────────
┌───────────────────────────────────────────────────────────────────────────────────────────────────────────────────────
│ [info] 16:36:16 528ms
│ Pagamento processado com sucesso: R$ 150,00
└───────────────────────────────────────────────────────────────────────────────────────────────────────────────────────
┌───────────────────────────────────────────────────────────────────────────────────────────────────────────────────────
│ [warning] 16:36:16 528ms
│ Tentativa de conexão falhou, tentando novamente...
└───────────────────────────────────────────────────────────────────────────────────────────────────────────────────────
┌───────────────────────────────────────────────────────────────────────────────────────────────────────────────────────
│ [error] 16:36:16 529ms
│ Erro na validação do cartão
└───────────────────────────────────────────────────────────────────────────────────────────────────────────────────────
┌───────────────────────────────────────────────────────────────────────────────────────────────────────────────────────
│ [info] 16:36:16 529ms
│ Usuário cancelou a operação
└───────────────────────────────────────────────────────────────────────────────────────────────────────────────────────
┌───────────────────────────────────────────────────────────────────────────────────────────────────────────────────────
│ [info] 16:36:16 529ms
│ Log de atividade 1
└───────────────────────────────────────────────────────────────────────────────────────────────────────────────────────
┌───────────────────────────────────────────────────────────────────────────────────────────────────────────────────────
│ [info] 16:36:16 631ms
│ Log de atividade 2
└───────────────────────────────────────────────────────────────────────────────────────────────────────────────────────
┌───────────────────────────────────────────────────────────────────────────────────────────────────────────────────────
│ [info] 16:36:16 741ms
│ Log de atividade 3
└───────────────────────────────────────────────────────────────────────────────────────────────────────────────────────
┌───────────────────────────────────────────────────────────────────────────────────────────────────────────────────────
│ [info] 16:36:16 849ms
│ Log de atividade 4
└───────────────────────────────────────────────────────────────────────────────────────────────────────────────────────
┌───────────────────────────────────────────────────────────────────────────────────────────────────────────────────────
│ [info] 16:36:16 956ms
│ Log de atividade 5
└───────────────────────────────────────────────────────────────────────────────────────────────────────────────────────
┌───────────────────────────────────────────────────────────────────────────────────────────────────────────────────────
│ [info] 16:36:17 66ms
│ Aplicação finalizada
└───────────────────────────────────────────────────────────────────────────────────────────────────────────────────────
┌───────────────────────────────────────────────────────────────────────────────────────────────────────────────────────
│ [info] 16:36:17 66ms
│ Aplicação finalizada
└───────────────────────────────────────────────────────────────────────────────────────────────────────────────────────
┌───────────────────────────────────────────────────────────────────────────────────────────────────────────────────────
│ [info] 16:36:35 353ms
│ Aplicação iniciada
└───────────────────────────────────────────────────────────────────────────────────────────────────────────────────────
┌───────────────────────────────────────────────────────────────────────────────────────────────────────────────────────
│ [info] 16:36:35 353ms
│ Aplicação iniciada
└───────────────────────────────────────────────────────────────────────────────────────────────────────────────────────
┌───────────────────────────────────────────────────────────────────────────────────────────────────────────────────────
│ [info] 16:36:35 353ms
│ Usuário fez login: joao@email.com
└───────────────────────────────────────────────────────────────────────────────────────────────────────────────────────
┌───────────────────────────────────────────────────────────────────────────────────────────────────────────────────────
│ [info] 16:36:35 353ms
│ Aplicação iniciada
└───────────────────────────────────────────────────────────────────────────────────────────────────────────────────────
┌───────────────────────────────────────────────────────────────────────────────────────────────────────────────────────
│ [info] 16:36:35 353ms
│ Usuário fez login: joao@email.com
└───────────────────────────────────────────────────────────────────────────────────────────────────────────────────────
┌───────────────────────────────────────────────────────────────────────────────────────────────────────────────────────
│ [debug] 16:36:35 353ms
│ Processando requisição de pagamento
└───────────────────────────────────────────────────────────────────────────────────────────────────────────────────────
┌───────────────────────────────────────────────────────────────────────────────────────────────────────────────────────
│ [info] 16:36:35 353ms
│ Aplicação iniciada
└───────────────────────────────────────────────────────────────────────────────────────────────────────────────────────
┌───────────────────────────────────────────────────────────────────────────────────────────────────────────────────────
│ [info] 16:36:35 353ms
│ Usuário fez login: joao@email.com
└───────────────────────────────────────────────────────────────────────────────────────────────────────────────────────
┌───────────────────────────────────────────────────────────────────────────────────────────────────────────────────────
│ [debug] 16:36:35 353ms
│ Processando requisição de pagamento
└───────────────────────────────────────────────────────────────────────────────────────────────────────────────────────
┌───────────────────────────────────────────────────────────────────────────────────────────────────────────────────────
│ [info] 16:36:35 354ms
│ Pagamento processado com sucesso: R$ 150,00
└───────────────────────────────────────────────────────────────────────────────────────────────────────────────────────
┌───────────────────────────────────────────────────────────────────────────────────────────────────────────────────────
│ [info] 16:36:35 353ms
│ Aplicação iniciada
└───────────────────────────────────────────────────────────────────────────────────────────────────────────────────────
┌───────────────────────────────────────────────────────────────────────────────────────────────────────────────────────
│ [info] 16:36:35 353ms
│ Usuário fez login: joao@email.com
└───────────────────────────────────────────────────────────────────────────────────────────────────────────────────────
┌───────────────────────────────────────────────────────────────────────────────────────────────────────────────────────
│ [debug] 16:36:35 353ms
│ Processando requisição de pagamento
└───────────────────────────────────────────────────────────────────────────────────────────────────────────────────────
┌───────────────────────────────────────────────────────────────────────────────────────────────────────────────────────
│ [info] 16:36:35 354ms
│ Pagamento processado com sucesso: R$ 150,00
└───────────────────────────────────────────────────────────────────────────────────────────────────────────────────────
┌───────────────────────────────────────────────────────────────────────────────────────────────────────────────────────
│ [warning] 16:36:35 354ms
│ Tentativa de conexão falhou, tentando novamente...
└───────────────────────────────────────────────────────────────────────────────────────────────────────────────────────
┌───────────────────────────────────────────────────────────────────────────────────────────────────────────────────────
│ [info] 16:36:35 353ms
│ Aplicação iniciada
└───────────────────────────────────────────────────────────────────────────────────────────────────────────────────────
┌───────────────────────────────────────────────────────────────────────────────────────────────────────────────────────
│ [info] 16:36:35 353ms
│ Usuário fez login: joao@email.com
└───────────────────────────────────────────────────────────────────────────────────────────────────────────────────────
┌───────────────────────────────────────────────────────────────────────────────────────────────────────────────────────
│ [debug] 16:36:35 353ms
│ Processando requisição de pagamento
└───────────────────────────────────────────────────────────────────────────────────────────────────────────────────────
┌───────────────────────────────────────────────────────────────────────────────────────────────────────────────────────
│ [info] 16:36:35 354ms
│ Pagamento processado com sucesso: R$ 150,00
└───────────────────────────────────────────────────────────────────────────────────────────────────────────────────────
┌───────────────────────────────────────────────────────────────────────────────────────────────────────────────────────
│ [warning] 16:36:35 354ms
│ Tentativa de conexão falhou, tentando novamente...
└───────────────────────────────────────────────────────────────────────────────────────────────────────────────────────
┌───────────────────────────────────────────────────────────────────────────────────────────────────────────────────────
│ [error] 16:36:35 354ms
│ Erro na validação do cartão
└───────────────────────────────────────────────────────────────────────────────────────────────────────────────────────
┌───────────────────────────────────────────────────────────────────────────────────────────────────────────────────────
│ [info] 16:36:35 353ms
│ Aplicação iniciada
└───────────────────────────────────────────────────────────────────────────────────────────────────────────────────────
┌───────────────────────────────────────────────────────────────────────────────────────────────────────────────────────
│ [info] 16:36:35 353ms
│ Usuário fez login: joao@email.com
└───────────────────────────────────────────────────────────────────────────────────────────────────────────────────────
┌───────────────────────────────────────────────────────────────────────────────────────────────────────────────────────
│ [debug] 16:36:35 353ms
│ Processando requisição de pagamento
└───────────────────────────────────────────────────────────────────────────────────────────────────────────────────────
┌───────────────────────────────────────────────────────────────────────────────────────────────────────────────────────
│ [info] 16:36:35 354ms
│ Pagamento processado com sucesso: R$ 150,00
└───────────────────────────────────────────────────────────────────────────────────────────────────────────────────────
┌───────────────────────────────────────────────────────────────────────────────────────────────────────────────────────
│ [warning] 16:36:35 354ms
│ Tentativa de conexão falhou, tentando novamente...
└───────────────────────────────────────────────────────────────────────────────────────────────────────────────────────
┌───────────────────────────────────────────────────────────────────────────────────────────────────────────────────────
│ [error] 16:36:35 354ms
│ Erro na validação do cartão
└───────────────────────────────────────────────────────────────────────────────────────────────────────────────────────
┌───────────────────────────────────────────────────────────────────────────────────────────────────────────────────────
│ [info] 16:36:35 354ms
│ Usuário cancelou a operação
└───────────────────────────────────────────────────────────────────────────────────────────────────────────────────────
┌───────────────────────────────────────────────────────────────────────────────────────────────────────────────────────
│ [info] 16:36:35 353ms
│ Aplicação iniciada
└───────────────────────────────────────────────────────────────────────────────────────────────────────────────────────
┌───────────────────────────────────────────────────────────────────────────────────────────────────────────────────────
│ [info] 16:36:35 353ms
│ Usuário fez login: joao@email.com
└───────────────────────────────────────────────────────────────────────────────────────────────────────────────────────
┌───────────────────────────────────────────────────────────────────────────────────────────────────────────────────────
│ [debug] 16:36:35 353ms
│ Processando requisição de pagamento
└───────────────────────────────────────────────────────────────────────────────────────────────────────────────────────
┌───────────────────────────────────────────────────────────────────────────────────────────────────────────────────────
│ [info] 16:36:35 354ms
│ Pagamento processado com sucesso: R$ 150,00
└───────────────────────────────────────────────────────────────────────────────────────────────────────────────────────
┌───────────────────────────────────────────────────────────────────────────────────────────────────────────────────────
│ [warning] 16:36:35 354ms
│ Tentativa de conexão falhou, tentando novamente...
└───────────────────────────────────────────────────────────────────────────────────────────────────────────────────────
┌───────────────────────────────────────────────────────────────────────────────────────────────────────────────────────
│ [error] 16:36:35 354ms
│ Erro na validação do cartão
└───────────────────────────────────────────────────────────────────────────────────────────────────────────────────────
┌───────────────────────────────────────────────────────────────────────────────────────────────────────────────────────
│ [info] 16:36:35 354ms
│ Usuário cancelou a operação
└───────────────────────────────────────────────────────────────────────────────────────────────────────────────────────
┌───────────────────────────────────────────────────────────────────────────────────────────────────────────────────────
│ [info] 16:36:35 354ms
│ Log de atividade 1
└───────────────────────────────────────────────────────────────────────────────────────────────────────────────────────
┌───────────────────────────────────────────────────────────────────────────────────────────────────────────────────────
│ [info] 16:36:35 471ms
│ Log de atividade 2
└───────────────────────────────────────────────────────────────────────────────────────────────────────────────────────
┌───────────────────────────────────────────────────────────────────────────────────────────────────────────────────────
│ [info] 16:36:35 579ms
│ Log de atividade 3
└───────────────────────────────────────────────────────────────────────────────────────────────────────────────────────
┌───────────────────────────────────────────────────────────────────────────────────────────────────────────────────────
│ [info] 16:36:35 688ms
│ Log de atividade 4
└───────────────────────────────────────────────────────────────────────────────────────────────────────────────────────
┌───────────────────────────────────────────────────────────────────────────────────────────────────────────────────────
│ [info] 16:36:35 798ms
│ Log de atividade 5
└───────────────────────────────────────────────────────────────────────────────────────────────────────────────────────
┌───────────────────────────────────────────────────────────────────────────────────────────────────────────────────────
│ [info] 16:36:35 906ms
│ Aplicação finalizada
└───────────────────────────────────────────────────────────────────────────────────────────────────────────────────────
┌───────────────────────────────────────────────────────────────────────────────────────────────────────────────────────
│ [info] 16:36:35 906ms
│ Aplicação finalizada
└───────────────────────────────────────────────────────────────────────────────────────────────────────────────────────
┌───────────────────────────────────────────────────────────────────────────────────────────────────────────────────────
│ [info] 16:37:05 776ms
│ Aplicação iniciada
└───────────────────────────────────────────────────────────────────────────────────────────────────────────────────────
┌───────────────────────────────────────────────────────────────────────────────────────────────────────────────────────
│ [info] 16:37:05 776ms
│ Aplicação iniciada
└───────────────────────────────────────────────────────────────────────────────────────────────────────────────────────
┌───────────────────────────────────────────────────────────────────────────────────────────────────────────────────────
│ [info] 16:37:05 776ms
│ Usuário fez login: joao@email.com
└───────────────────────────────────────────────────────────────────────────────────────────────────────────────────────
┌───────────────────────────────────────────────────────────────────────────────────────────────────────────────────────
│ [info] 16:37:05 776ms
│ Aplicação iniciada
└───────────────────────────────────────────────────────────────────────────────────────────────────────────────────────
┌───────────────────────────────────────────────────────────────────────────────────────────────────────────────────────
│ [info] 16:37:05 776ms
│ Usuário fez login: joao@email.com
└───────────────────────────────────────────────────────────────────────────────────────────────────────────────────────
┌───────────────────────────────────────────────────────────────────────────────────────────────────────────────────────
│ [debug] 16:37:05 776ms
│ Processando requisição de pagamento
└───────────────────────────────────────────────────────────────────────────────────────────────────────────────────────
┌───────────────────────────────────────────────────────────────────────────────────────────────────────────────────────
│ [info] 16:37:05 776ms
│ Aplicação iniciada
└───────────────────────────────────────────────────────────────────────────────────────────────────────────────────────
┌───────────────────────────────────────────────────────────────────────────────────────────────────────────────────────
│ [info] 16:37:05 776ms
│ Usuário fez login: joao@email.com
└───────────────────────────────────────────────────────────────────────────────────────────────────────────────────────
┌───────────────────────────────────────────────────────────────────────────────────────────────────────────────────────
│ [debug] 16:37:05 776ms
│ Processando requisição de pagamento
└───────────────────────────────────────────────────────────────────────────────────────────────────────────────────────
┌───────────────────────────────────────────────────────────────────────────────────────────────────────────────────────
│ [info] 16:37:05 776ms
│ Pagamento processado com sucesso: R$ 150,00
└───────────────────────────────────────────────────────────────────────────────────────────────────────────────────────
┌───────────────────────────────────────────────────────────────────────────────────────────────────────────────────────
│ [info] 16:37:05 776ms
│ Aplicação iniciada
└───────────────────────────────────────────────────────────────────────────────────────────────────────────────────────
┌───────────────────────────────────────────────────────────────────────────────────────────────────────────────────────
│ [info] 16:37:05 776ms
│ Usuário fez login: joao@email.com
└───────────────────────────────────────────────────────────────────────────────────────────────────────────────────────
┌───────────────────────────────────────────────────────────────────────────────────────────────────────────────────────
│ [debug] 16:37:05 776ms
│ Processando requisição de pagamento
└───────────────────────────────────────────────────────────────────────────────────────────────────────────────────────
┌───────────────────────────────────────────────────────────────────────────────────────────────────────────────────────
│ [info] 16:37:05 776ms
│ Pagamento processado com sucesso: R$ 150,00
└───────────────────────────────────────────────────────────────────────────────────────────────────────────────────────
┌───────────────────────────────────────────────────────────────────────────────────────────────────────────────────────
│ [warning] 16:37:05 777ms
│ Tentativa de conexão falhou, tentando novamente...
└───────────────────────────────────────────────────────────────────────────────────────────────────────────────────────
┌───────────────────────────────────────────────────────────────────────────────────────────────────────────────────────
│ [info] 16:37:05 776ms
│ Aplicação iniciada
└───────────────────────────────────────────────────────────────────────────────────────────────────────────────────────
┌───────────────────────────────────────────────────────────────────────────────────────────────────────────────────────
│ [info] 16:37:05 776ms
│ Usuário fez login: joao@email.com
└───────────────────────────────────────────────────────────────────────────────────────────────────────────────────────
┌───────────────────────────────────────────────────────────────────────────────────────────────────────────────────────
│ [debug] 16:37:05 776ms
│ Processando requisição de pagamento
└───────────────────────────────────────────────────────────────────────────────────────────────────────────────────────
┌───────────────────────────────────────────────────────────────────────────────────────────────────────────────────────
│ [info] 16:37:05 776ms
│ Pagamento processado com sucesso: R$ 150,00
└───────────────────────────────────────────────────────────────────────────────────────────────────────────────────────
┌───────────────────────────────────────────────────────────────────────────────────────────────────────────────────────
│ [warning] 16:37:05 777ms
│ Tentativa de conexão falhou, tentando novamente...
└───────────────────────────────────────────────────────────────────────────────────────────────────────────────────────
┌───────────────────────────────────────────────────────────────────────────────────────────────────────────────────────
│ [error] 16:37:05 777ms
│ Erro na validação do cartão
└───────────────────────────────────────────────────────────────────────────────────────────────────────────────────────
┌───────────────────────────────────────────────────────────────────────────────────────────────────────────────────────
│ [info] 16:37:05 776ms
│ Aplicação iniciada
└───────────────────────────────────────────────────────────────────────────────────────────────────────────────────────
┌───────────────────────────────────────────────────────────────────────────────────────────────────────────────────────
│ [info] 16:37:05 776ms
│ Usuário fez login: joao@email.com
└───────────────────────────────────────────────────────────────────────────────────────────────────────────────────────
┌───────────────────────────────────────────────────────────────────────────────────────────────────────────────────────
│ [debug] 16:37:05 776ms
│ Processando requisição de pagamento
└───────────────────────────────────────────────────────────────────────────────────────────────────────────────────────
┌───────────────────────────────────────────────────────────────────────────────────────────────────────────────────────
│ [info] 16:37:05 776ms
│ Pagamento processado com sucesso: R$ 150,00
└───────────────────────────────────────────────────────────────────────────────────────────────────────────────────────
┌───────────────────────────────────────────────────────────────────────────────────────────────────────────────────────
│ [warning] 16:37:05 777ms
│ Tentativa de conexão falhou, tentando novamente...
└───────────────────────────────────────────────────────────────────────────────────────────────────────────────────────
┌───────────────────────────────────────────────────────────────────────────────────────────────────────────────────────
│ [error] 16:37:05 777ms
│ Erro na validação do cartão
└───────────────────────────────────────────────────────────────────────────────────────────────────────────────────────
┌───────────────────────────────────────────────────────────────────────────────────────────────────────────────────────
│ [info] 16:37:05 777ms
│ Usuário cancelou a operação
└───────────────────────────────────────────────────────────────────────────────────────────────────────────────────────
┌───────────────────────────────────────────────────────────────────────────────────────────────────────────────────────
│ [info] 16:37:05 776ms
│ Aplicação iniciada
└───────────────────────────────────────────────────────────────────────────────────────────────────────────────────────
┌───────────────────────────────────────────────────────────────────────────────────────────────────────────────────────
│ [info] 16:37:05 776ms
│ Usuário fez login: joao@email.com
└───────────────────────────────────────────────────────────────────────────────────────────────────────────────────────
┌───────────────────────────────────────────────────────────────────────────────────────────────────────────────────────
│ [debug] 16:37:05 776ms
│ Processando requisição de pagamento
└───────────────────────────────────────────────────────────────────────────────────────────────────────────────────────
┌───────────────────────────────────────────────────────────────────────────────────────────────────────────────────────
│ [info] 16:37:05 776ms
│ Pagamento processado com sucesso: R$ 150,00
└───────────────────────────────────────────────────────────────────────────────────────────────────────────────────────
┌───────────────────────────────────────────────────────────────────────────────────────────────────────────────────────
│ [warning] 16:37:05 777ms
│ Tentativa de conexão falhou, tentando novamente...
└───────────────────────────────────────────────────────────────────────────────────────────────────────────────────────
┌───────────────────────────────────────────────────────────────────────────────────────────────────────────────────────
│ [error] 16:37:05 777ms
│ Erro na validação do cartão
└───────────────────────────────────────────────────────────────────────────────────────────────────────────────────────
┌───────────────────────────────────────────────────────────────────────────────────────────────────────────────────────
│ [info] 16:37:05 777ms
│ Usuário cancelou a operação
└───────────────────────────────────────────────────────────────────────────────────────────────────────────────────────
┌───────────────────────────────────────────────────────────────────────────────────────────────────────────────────────
│ [info] 16:37:05 777ms
│ Log de atividade 1
└───────────────────────────────────────────────────────────────────────────────────────────────────────────────────────
┌───────────────────────────────────────────────────────────────────────────────────────────────────────────────────────
│ [info] 16:37:05 890ms
│ Log de atividade 2
└───────────────────────────────────────────────────────────────────────────────────────────────────────────────────────
┌───────────────────────────────────────────────────────────────────────────────────────────────────────────────────────
│ [info] 16:37:06 0ms
│ Log de atividade 3
└───────────────────────────────────────────────────────────────────────────────────────────────────────────────────────
┌───────────────────────────────────────────────────────────────────────────────────────────────────────────────────────
│ [info] 16:37:06 109ms
│ Log de atividade 4
└───────────────────────────────────────────────────────────────────────────────────────────────────────────────────────
┌───────────────────────────────────────────────────────────────────────────────────────────────────────────────────────
│ [info] 16:37:06 217ms
│ Log de atividade 5
└───────────────────────────────────────────────────────────────────────────────────────────────────────────────────────
┌───────────────────────────────────────────────────────────────────────────────────────────────────────────────────────
│ [info] 16:37:06 327ms
│ Aplicação finalizada
└───────────────────────────────────────────────────────────────────────────────────────────────────────────────────────
┌───────────────────────────────────────────────────────────────────────────────────────────────────────────────────────
│ [info] 16:37:06 327ms
│ Aplicação finalizada
└───────────────────────────────────────────────────────────────────────────────────────────────────────────────────────
┌───────────────────────────────────────────────────────────────────────────────────────────────────────────────────────
│ [info] 16:41:18 161ms
│ Aplicação iniciada
└───────────────────────────────────────────────────────────────────────────────────────────────────────────────────────
┌───────────────────────────────────────────────────────────────────────────────────────────────────────────────────────
│ [info] 16:41:18 161ms
│ Aplicação iniciada
└───────────────────────────────────────────────────────────────────────────────────────────────────────────────────────
┌───────────────────────────────────────────────────────────────────────────────────────────────────────────────────────
│ [info] 16:41:18 161ms
│ Usuário fez login: joao@email.com
└───────────────────────────────────────────────────────────────────────────────────────────────────────────────────────
┌───────────────────────────────────────────────────────────────────────────────────────────────────────────────────────
│ [info] 16:41:18 161ms
│ Aplicação iniciada
└───────────────────────────────────────────────────────────────────────────────────────────────────────────────────────
┌───────────────────────────────────────────────────────────────────────────────────────────────────────────────────────
│ [info] 16:41:18 161ms
│ Usuário fez login: joao@email.com
└───────────────────────────────────────────────────────────────────────────────────────────────────────────────────────
┌───────────────────────────────────────────────────────────────────────────────────────────────────────────────────────
│ [debug] 16:41:18 161ms
│ Processando requisição de pagamento
└───────────────────────────────────────────────────────────────────────────────────────────────────────────────────────
┌───────────────────────────────────────────────────────────────────────────────────────────────────────────────────────
│ [info] 16:41:18 161ms
│ Aplicação iniciada
└───────────────────────────────────────────────────────────────────────────────────────────────────────────────────────
┌───────────────────────────────────────────────────────────────────────────────────────────────────────────────────────
│ [info] 16:41:18 161ms
│ Usuário fez login: joao@email.com
└───────────────────────────────────────────────────────────────────────────────────────────────────────────────────────
┌───────────────────────────────────────────────────────────────────────────────────────────────────────────────────────
│ [debug] 16:41:18 161ms
│ Processando requisição de pagamento
└───────────────────────────────────────────────────────────────────────────────────────────────────────────────────────
┌───────────────────────────────────────────────────────────────────────────────────────────────────────────────────────
│ [info] 16:41:18 162ms
│ Pagamento processado com sucesso: R$ 150,00
└───────────────────────────────────────────────────────────────────────────────────────────────────────────────────────
┌───────────────────────────────────────────────────────────────────────────────────────────────────────────────────────
│ [info] 16:41:18 161ms
│ Aplicação iniciada
└───────────────────────────────────────────────────────────────────────────────────────────────────────────────────────
┌───────────────────────────────────────────────────────────────────────────────────────────────────────────────────────
│ [info] 16:41:18 161ms
│ Usuário fez login: joao@email.com
└───────────────────────────────────────────────────────────────────────────────────────────────────────────────────────
┌───────────────────────────────────────────────────────────────────────────────────────────────────────────────────────
│ [debug] 16:41:18 161ms
│ Processando requisição de pagamento
└───────────────────────────────────────────────────────────────────────────────────────────────────────────────────────
┌───────────────────────────────────────────────────────────────────────────────────────────────────────────────────────
│ [info] 16:41:18 162ms
│ Pagamento processado com sucesso: R$ 150,00
└───────────────────────────────────────────────────────────────────────────────────────────────────────────────────────
┌───────────────────────────────────────────────────────────────────────────────────────────────────────────────────────
│ [warning] 16:41:18 163ms
│ Tentativa de conexão falhou, tentando novamente...
└───────────────────────────────────────────────────────────────────────────────────────────────────────────────────────
┌───────────────────────────────────────────────────────────────────────────────────────────────────────────────────────
│ [info] 16:41:18 161ms
│ Aplicação iniciada
└───────────────────────────────────────────────────────────────────────────────────────────────────────────────────────
┌───────────────────────────────────────────────────────────────────────────────────────────────────────────────────────
│ [info] 16:41:18 161ms
│ Usuário fez login: joao@email.com
└───────────────────────────────────────────────────────────────────────────────────────────────────────────────────────
┌───────────────────────────────────────────────────────────────────────────────────────────────────────────────────────
│ [debug] 16:41:18 161ms
│ Processando requisição de pagamento
└───────────────────────────────────────────────────────────────────────────────────────────────────────────────────────
┌───────────────────────────────────────────────────────────────────────────────────────────────────────────────────────
│ [info] 16:41:18 162ms
│ Pagamento processado com sucesso: R$ 150,00
└───────────────────────────────────────────────────────────────────────────────────────────────────────────────────────
┌───────────────────────────────────────────────────────────────────────────────────────────────────────────────────────
│ [warning] 16:41:18 163ms
│ Tentativa de conexão falhou, tentando novamente...
└───────────────────────────────────────────────────────────────────────────────────────────────────────────────────────
┌───────────────────────────────────────────────────────────────────────────────────────────────────────────────────────
│ [error] 16:41:18 163ms
│ Erro na validação do cartão
└───────────────────────────────────────────────────────────────────────────────────────────────────────────────────────
┌───────────────────────────────────────────────────────────────────────────────────────────────────────────────────────
│ [info] 16:41:18 161ms
│ Aplicação iniciada
└───────────────────────────────────────────────────────────────────────────────────────────────────────────────────────
┌───────────────────────────────────────────────────────────────────────────────────────────────────────────────────────
│ [info] 16:41:18 161ms
│ Usuário fez login: joao@email.com
└───────────────────────────────────────────────────────────────────────────────────────────────────────────────────────
┌───────────────────────────────────────────────────────────────────────────────────────────────────────────────────────
│ [debug] 16:41:18 161ms
│ Processando requisição de pagamento
└───────────────────────────────────────────────────────────────────────────────────────────────────────────────────────
┌───────────────────────────────────────────────────────────────────────────────────────────────────────────────────────
│ [info] 16:41:18 162ms
│ Pagamento processado com sucesso: R$ 150,00
└───────────────────────────────────────────────────────────────────────────────────────────────────────────────────────
┌───────────────────────────────────────────────────────────────────────────────────────────────────────────────────────
│ [warning] 16:41:18 163ms
│ Tentativa de conexão falhou, tentando novamente...
└───────────────────────────────────────────────────────────────────────────────────────────────────────────────────────
┌───────────────────────────────────────────────────────────────────────────────────────────────────────────────────────
│ [error] 16:41:18 163ms
│ Erro na validação do cartão
└───────────────────────────────────────────────────────────────────────────────────────────────────────────────────────
┌───────────────────────────────────────────────────────────────────────────────────────────────────────────────────────
│ [info] 16:41:18 163ms
│ Usuário cancelou a operação
└───────────────────────────────────────────────────────────────────────────────────────────────────────────────────────
┌───────────────────────────────────────────────────────────────────────────────────────────────────────────────────────
│ [info] 16:41:18 161ms
│ Aplicação iniciada
└───────────────────────────────────────────────────────────────────────────────────────────────────────────────────────
┌───────────────────────────────────────────────────────────────────────────────────────────────────────────────────────
│ [info] 16:41:18 161ms
│ Usuário fez login: joao@email.com
└───────────────────────────────────────────────────────────────────────────────────────────────────────────────────────
┌───────────────────────────────────────────────────────────────────────────────────────────────────────────────────────
│ [debug] 16:41:18 161ms
│ Processando requisição de pagamento
└───────────────────────────────────────────────────────────────────────────────────────────────────────────────────────
┌───────────────────────────────────────────────────────────────────────────────────────────────────────────────────────
│ [info] 16:41:18 162ms
│ Pagamento processado com sucesso: R$ 150,00
└───────────────────────────────────────────────────────────────────────────────────────────────────────────────────────
┌───────────────────────────────────────────────────────────────────────────────────────────────────────────────────────
│ [warning] 16:41:18 163ms
│ Tentativa de conexão falhou, tentando novamente...
└───────────────────────────────────────────────────────────────────────────────────────────────────────────────────────
┌───────────────────────────────────────────────────────────────────────────────────────────────────────────────────────
│ [error] 16:41:18 163ms
│ Erro na validação do cartão
└───────────────────────────────────────────────────────────────────────────────────────────────────────────────────────
┌───────────────────────────────────────────────────────────────────────────────────────────────────────────────────────
│ [info] 16:41:18 163ms
│ Usuário cancelou a operação
└───────────────────────────────────────────────────────────────────────────────────────────────────────────────────────
┌───────────────────────────────────────────────────────────────────────────────────────────────────────────────────────
│ [info] 16:41:18 163ms
│ Log de atividade 1
└───────────────────────────────────────────────────────────────────────────────────────────────────────────────────────
┌───────────────────────────────────────────────────────────────────────────────────────────────────────────────────────
│ [info] 16:41:18 269ms
│ Log de atividade 2
└───────────────────────────────────────────────────────────────────────────────────────────────────────────────────────
┌───────────────────────────────────────────────────────────────────────────────────────────────────────────────────────
│ [info] 16:41:18 379ms
│ Log de atividade 3
└───────────────────────────────────────────────────────────────────────────────────────────────────────────────────────
┌───────────────────────────────────────────────────────────────────────────────────────────────────────────────────────
│ [info] 16:41:18 487ms
│ Log de atividade 4
└───────────────────────────────────────────────────────────────────────────────────────────────────────────────────────
┌───────────────────────────────────────────────────────────────────────────────────────────────────────────────────────
│ [info] 16:41:18 593ms
│ Log de atividade 5
└───────────────────────────────────────────────────────────────────────────────────────────────────────────────────────
┌───────────────────────────────────────────────────────────────────────────────────────────────────────────────────────
│ [info] 16:41:18 701ms
│ Aplicação finalizada
└───────────────────────────────────────────────────────────────────────────────────────────────────────────────────────
┌───────────────────────────────────────────────────────────────────────────────────────────────────────────────────────
│ [info] 16:41:18 701ms
│ Aplicação finalizada
└───────────────────────────────────────────────────────────────────────────────────────────────────────────────────────
