┌───────────────────────────────────────────────────────────────────────────────────────────────────────────────────────
│ [info] 9:57:44 503ms
│ Log normal 1
└───────────────────────────────────────────────────────────────────────────────────────────────────────────────────────
┌───────────────────────────────────────────────────────────────────────────────────────────────────────────────────────
│ [info] 9:57:44 619ms
│ Log normal 2
└───────────────────────────────────────────────────────────────────────────────────────────────────────────────────────
┌───────────────────────────────────────────────────────────────────────────────────────────────────────────────────────
│ [info] 9:57:44 728ms
│ Log normal 3
└───────────────────────────────────────────────────────────────────────────────────────────────────────────────────────
┌───────────────────────────────────────────────────────────────────────────────────────────────────────────────────────
│ [info] 9:57:44 835ms
│ Log normal 4
└───────────────────────────────────────────────────────────────────────────────────────────────────────────────────────
┌───────────────────────────────────────────────────────────────────────────────────────────────────────────────────────
│ [info] 9:57:44 945ms
│ Log normal 5
└───────────────────────────────────────────────────────────────────────────────────────────────────────────────────────
┌───────────────────────────────────────────────────────────────────────────────────────────────────────────────────────
│ [error] 9:57:45 55ms
│ Erro crítico - será flush imediato!
└───────────────────────────────────────────────────────────────────────────────────────────────────────────────────────

┌───────────────────────────────────────────────────────────────────────────────────────────────────────────────────────
│ [info] 9:57:45 163ms
│ Log normal 7
└───────────────────────────────────────────────────────────────────────────────────────────────────────────────────────
┌───────────────────────────────────────────────────────────────────────────────────────────────────────────────────────
│ [info] 9:57:45 272ms
│ Log normal 8
└───────────────────────────────────────────────────────────────────────────────────────────────────────────────────────
┌───────────────────────────────────────────────────────────────────────────────────────────────────────────────────────
│ [info] 9:57:45 382ms
│ Log normal 9
└───────────────────────────────────────────────────────────────────────────────────────────────────────────────────────
┌───────────────────────────────────────────────────────────────────────────────────────────────────────────────────────
│ [info] 9:57:45 490ms
│ Log normal 10
└───────────────────────────────────────────────────────────────────────────────────────────────────────────────────────

┌───────────────────────────────────────────────────────────────────────────────────────────────────────────────────────
│ [info] 9:59:39 819ms
│ Log normal 1
└───────────────────────────────────────────────────────────────────────────────────────────────────────────────────────
┌───────────────────────────────────────────────────────────────────────────────────────────────────────────────────────
│ [info] 9:59:39 942ms
│ Log normal 2
└───────────────────────────────────────────────────────────────────────────────────────────────────────────────────────
┌───────────────────────────────────────────────────────────────────────────────────────────────────────────────────────
│ [info] 9:59:40 51ms
│ Log normal 3
└───────────────────────────────────────────────────────────────────────────────────────────────────────────────────────
┌───────────────────────────────────────────────────────────────────────────────────────────────────────────────────────
│ [info] 9:59:40 160ms
│ Log normal 4
└───────────────────────────────────────────────────────────────────────────────────────────────────────────────────────
┌───────────────────────────────────────────────────────────────────────────────────────────────────────────────────────
│ [info] 9:59:40 268ms
│ Log normal 5
└───────────────────────────────────────────────────────────────────────────────────────────────────────────────────────
┌───────────────────────────────────────────────────────────────────────────────────────────────────────────────────────
│ [error] 9:59:40 377ms
│ Erro crítico - será flush imediato!
└───────────────────────────────────────────────────────────────────────────────────────────────────────────────────────

┌───────────────────────────────────────────────────────────────────────────────────────────────────────────────────────
│ [info] 9:59:40 486ms
│ Log normal 7
└───────────────────────────────────────────────────────────────────────────────────────────────────────────────────────
┌───────────────────────────────────────────────────────────────────────────────────────────────────────────────────────
│ [info] 9:59:40 595ms
│ Log normal 8
└───────────────────────────────────────────────────────────────────────────────────────────────────────────────────────
┌───────────────────────────────────────────────────────────────────────────────────────────────────────────────────────
│ [info] 9:59:40 704ms
│ Log normal 9
└───────────────────────────────────────────────────────────────────────────────────────────────────────────────────────
┌───────────────────────────────────────────────────────────────────────────────────────────────────────────────────────
│ [info] 9:59:40 811ms
│ Log normal 10
└───────────────────────────────────────────────────────────────────────────────────────────────────────────────────────

┌───────────────────────────────────────────────────────────────────────────────────────────────────────────────────────
│ [info] 9:59:57 180ms
│ Log normal 1
└───────────────────────────────────────────────────────────────────────────────────────────────────────────────────────
┌───────────────────────────────────────────────────────────────────────────────────────────────────────────────────────
│ [info] 9:59:57 292ms
│ Log normal 2
└───────────────────────────────────────────────────────────────────────────────────────────────────────────────────────
┌───────────────────────────────────────────────────────────────────────────────────────────────────────────────────────
│ [info] 9:59:57 397ms
│ Log normal 3
└───────────────────────────────────────────────────────────────────────────────────────────────────────────────────────
┌───────────────────────────────────────────────────────────────────────────────────────────────────────────────────────
│ [info] 9:59:57 505ms
│ Log normal 4
└───────────────────────────────────────────────────────────────────────────────────────────────────────────────────────
┌───────────────────────────────────────────────────────────────────────────────────────────────────────────────────────
│ [info] 9:59:57 615ms
│ Log normal 5
└───────────────────────────────────────────────────────────────────────────────────────────────────────────────────────
┌───────────────────────────────────────────────────────────────────────────────────────────────────────────────────────
│ [error] 9:59:57 722ms
│ Erro crítico - será flush imediato!
└───────────────────────────────────────────────────────────────────────────────────────────────────────────────────────

┌───────────────────────────────────────────────────────────────────────────────────────────────────────────────────────
│ [info] 9:59:57 831ms
│ Log normal 7
└───────────────────────────────────────────────────────────────────────────────────────────────────────────────────────
┌───────────────────────────────────────────────────────────────────────────────────────────────────────────────────────
│ [info] 9:59:57 939ms
│ Log normal 8
└───────────────────────────────────────────────────────────────────────────────────────────────────────────────────────
┌───────────────────────────────────────────────────────────────────────────────────────────────────────────────────────
│ [info] 9:59:58 47ms
│ Log normal 9
└───────────────────────────────────────────────────────────────────────────────────────────────────────────────────────
┌───────────────────────────────────────────────────────────────────────────────────────────────────────────────────────
│ [info] 9:59:58 157ms
│ Log normal 10
└───────────────────────────────────────────────────────────────────────────────────────────────────────────────────────

┌───────────────────────────────────────────────────────────────────────────────────────────────────────────────────────
│ [info] 10:00:40 182ms
│ Log normal 1
└───────────────────────────────────────────────────────────────────────────────────────────────────────────────────────
┌───────────────────────────────────────────────────────────────────────────────────────────────────────────────────────
│ [info] 10:00:40 189ms
│ Log normal 2
└───────────────────────────────────────────────────────────────────────────────────────────────────────────────────────
┌───────────────────────────────────────────────────────────────────────────────────────────────────────────────────────
│ [info] 10:00:40 189ms
│ Log normal 3
└───────────────────────────────────────────────────────────────────────────────────────────────────────────────────────
┌───────────────────────────────────────────────────────────────────────────────────────────────────────────────────────
│ [info] 10:00:40 189ms
│ Log normal 4
└───────────────────────────────────────────────────────────────────────────────────────────────────────────────────────
┌───────────────────────────────────────────────────────────────────────────────────────────────────────────────────────
│ [info] 10:00:40 192ms
│ Log normal 5
└───────────────────────────────────────────────────────────────────────────────────────────────────────────────────────
┌───────────────────────────────────────────────────────────────────────────────────────────────────────────────────────
│ [error] 10:00:40 192ms
│ Erro crítico - será flush imediato!
└───────────────────────────────────────────────────────────────────────────────────────────────────────────────────────

┌───────────────────────────────────────────────────────────────────────────────────────────────────────────────────────
│ [info] 10:00:40 182ms
│ Log normal 1
└───────────────────────────────────────────────────────────────────────────────────────────────────────────────────────
┌───────────────────────────────────────────────────────────────────────────────────────────────────────────────────────
│ [info] 10:00:40 189ms
│ Log normal 2
└───────────────────────────────────────────────────────────────────────────────────────────────────────────────────────
┌───────────────────────────────────────────────────────────────────────────────────────────────────────────────────────
│ [info] 10:00:40 189ms
│ Log normal 3
└───────────────────────────────────────────────────────────────────────────────────────────────────────────────────────
┌───────────────────────────────────────────────────────────────────────────────────────────────────────────────────────
│ [info] 10:00:40 189ms
│ Log normal 4
└───────────────────────────────────────────────────────────────────────────────────────────────────────────────────────
┌───────────────────────────────────────────────────────────────────────────────────────────────────────────────────────
│ [info] 10:00:40 192ms
│ Log normal 5
└───────────────────────────────────────────────────────────────────────────────────────────────────────────────────────
┌───────────────────────────────────────────────────────────────────────────────────────────────────────────────────────
│ [error] 10:00:40 192ms
│ Erro crítico - será flush imediato!
└───────────────────────────────────────────────────────────────────────────────────────────────────────────────────────
┌───────────────────────────────────────────────────────────────────────────────────────────────────────────────────────
│ [info] 10:00:40 193ms
│ Log normal 6
└───────────────────────────────────────────────────────────────────────────────────────────────────────────────────────
┌───────────────────────────────────────────────────────────────────────────────────────────────────────────────────────
│ [info] 10:00:40 193ms
│ Log normal 7
└───────────────────────────────────────────────────────────────────────────────────────────────────────────────────────
┌───────────────────────────────────────────────────────────────────────────────────────────────────────────────────────
│ [info] 10:00:40 194ms
│ Log normal 8
└───────────────────────────────────────────────────────────────────────────────────────────────────────────────────────
┌───────────────────────────────────────────────────────────────────────────────────────────────────────────────────────
│ [info] 10:00:40 194ms
│ Log normal 9
└───────────────────────────────────────────────────────────────────────────────────────────────────────────────────────
┌───────────────────────────────────────────────────────────────────────────────────────────────────────────────────────
│ [info] 10:00:40 194ms
│ Log normal 10
└───────────────────────────────────────────────────────────────────────────────────────────────────────────────────────

┌───────────────────────────────────────────────────────────────────────────────────────────────────────────────────────
│ [info] 10:01:20 52ms
│ Log normal 1
└───────────────────────────────────────────────────────────────────────────────────────────────────────────────────────
┌───────────────────────────────────────────────────────────────────────────────────────────────────────────────────────
│ [info] 10:01:20 163ms
│ Log normal 2
└───────────────────────────────────────────────────────────────────────────────────────────────────────────────────────
┌───────────────────────────────────────────────────────────────────────────────────────────────────────────────────────
│ [info] 10:01:20 270ms
│ Log normal 3
└───────────────────────────────────────────────────────────────────────────────────────────────────────────────────────
┌───────────────────────────────────────────────────────────────────────────────────────────────────────────────────────
│ [info] 10:01:20 379ms
│ Log normal 4
└───────────────────────────────────────────────────────────────────────────────────────────────────────────────────────
┌───────────────────────────────────────────────────────────────────────────────────────────────────────────────────────
│ [info] 10:01:20 489ms
│ Log normal 5
└───────────────────────────────────────────────────────────────────────────────────────────────────────────────────────
┌───────────────────────────────────────────────────────────────────────────────────────────────────────────────────────
│ [error] 10:01:20 597ms
│ Erro crítico - será flush imediato!
└───────────────────────────────────────────────────────────────────────────────────────────────────────────────────────

┌───────────────────────────────────────────────────────────────────────────────────────────────────────────────────────
│ [info] 10:01:20 707ms
│ Log normal 7
└───────────────────────────────────────────────────────────────────────────────────────────────────────────────────────
┌───────────────────────────────────────────────────────────────────────────────────────────────────────────────────────
│ [info] 10:01:20 816ms
│ Log normal 8
└───────────────────────────────────────────────────────────────────────────────────────────────────────────────────────
┌───────────────────────────────────────────────────────────────────────────────────────────────────────────────────────
│ [info] 10:01:20 925ms
│ Log normal 9
└───────────────────────────────────────────────────────────────────────────────────────────────────────────────────────
┌───────────────────────────────────────────────────────────────────────────────────────────────────────────────────────
│ [info] 10:01:21 34ms
│ Log normal 10
└───────────────────────────────────────────────────────────────────────────────────────────────────────────────────────
