┌───────────────────────────────────────────────────────────────────────────────────────────────────────────────────────
│ [info] 10:01:21 157ms
│ Log tempo real 1
└───────────────────────────────────────────────────────────────────────────────────────────────────────────────────────

┌───────────────────────────────────────────────────────────────────────────────────────────────────────────────────────
│ [info] 10:01:21 268ms
│ Log tempo real 2
└───────────────────────────────────────────────────────────────────────────────────────────────────────────────────────

┌───────────────────────────────────────────────────────────────────────────────────────────────────────────────────────
│ [info] 10:01:21 376ms
│ Log tempo real 3
└───────────────────────────────────────────────────────────────────────────────────────────────────────────────────────

┌───────────────────────────────────────────────────────────────────────────────────────────────────────────────────────
│ [info] 10:01:21 485ms
│ Log tempo real 4
└───────────────────────────────────────────────────────────────────────────────────────────────────────────────────────

┌───────────────────────────────────────────────────────────────────────────────────────────────────────────────────────
│ [info] 10:01:21 595ms
│ Log tempo real 5
└───────────────────────────────────────────────────────────────────────────────────────────────────────────────────────

┌───────────────────────────────────────────────────────────────────────────────────────────────────────────────────────
│ [error] 10:01:21 704ms
│ Erro em tempo real
└───────────────────────────────────────────────────────────────────────────────────────────────────────────────────────

┌───────────────────────────────────────────────────────────────────────────────────────────────────────────────────────
│ [error] 10:01:21 704ms
│ Erro em tempo real
└───────────────────────────────────────────────────────────────────────────────────────────────────────────────────────
┌───────────────────────────────────────────────────────────────────────────────────────────────────────────────────────
│ [critical] 10:01:21 704ms
│ Erro crítico em tempo real
└───────────────────────────────────────────────────────────────────────────────────────────────────────────────────────

┌───────────────────────────────────────────────────────────────────────────────────────────────────────────────────────
│ [error] 10:01:21 704ms
│ Erro em tempo real
└───────────────────────────────────────────────────────────────────────────────────────────────────────────────────────
┌───────────────────────────────────────────────────────────────────────────────────────────────────────────────────────
│ [critical] 10:01:21 704ms
│ Erro crítico em tempo real
└───────────────────────────────────────────────────────────────────────────────────────────────────────────────────────
